<?xml version="1.0" encoding="UTF-8"?>
<testng-results skipped="0" failed="0" ignored="0" total="3" passed="3">
  <reporter-output>
  </reporter-output>
  <suite name="Default suite" duration-ms="117815" started-at="2022-07-26T14:20:07Z" finished-at="2022-07-26T14:22:05Z">
    <groups>
    </groups>
    <test name="Default test" duration-ms="117815" started-at="2022-07-26T14:20:07Z" finished-at="2022-07-26T14:22:05Z">
      <class name="org.samp.Demo">
        <test-method status="PASS" signature="tc1()[pri:0, instance:org.samp.Demo@191a895]" name="tc1" is-config="true" duration-ms="90249" started-at="2022-07-26T14:20:07Z" finished-at="2022-07-26T14:21:38Z">
          <reporter-output>
          </reporter-output>
        </test-method> <!-- tc1 -->
        <test-method status="PASS" signature="tc2()[pri:0, instance:org.samp.Demo@191a895]" name="tc2" duration-ms="14763" started-at="2022-07-26T14:21:40Z" finished-at="2022-07-26T14:21:54Z">
          <reporter-output>
          </reporter-output>
        </test-method> <!-- tc2 -->
        <test-method status="PASS" signature="tc3()[pri:0, instance:org.samp.Demo@191a895]" name="tc3" duration-ms="3581" started-at="2022-07-26T14:21:54Z" finished-at="2022-07-26T14:21:58Z">
          <reporter-output>
          </reporter-output>
        </test-method> <!-- tc3 -->
        <test-method status="PASS" signature="tc4()[pri:0, instance:org.samp.Demo@191a895]" name="tc4" duration-ms="7073" started-at="2022-07-26T14:21:58Z" finished-at="2022-07-26T14:22:05Z">
          <reporter-output>
          </reporter-output>
        </test-method> <!-- tc4 -->
      </class> <!-- org.samp.Demo -->
    </test> <!-- Default test -->
  </suite> <!-- Default suite -->
</testng-results>
